<?xml version="1.0" encoding="UTF-8"?>
<testng-results ignored="0" total="6" passed="5" failed="0" skipped="1">
  <reporter-output>
  </reporter-output>
  <suite started-at="2026-06-12T22:07:52 IST" name="Uspeek Test Suite" finished-at="2026-06-12T22:10:14 IST" duration-ms="142551">
    <groups>
    </groups>
    <test started-at="2026-06-12T22:07:52 IST" name="All Tests" finished-at="2026-06-12T22:10:14 IST" duration-ms="142551">
      <class name="com.uspeek.tests.LearningLessonsUITest">
        <test-method is-config="true" signature="setup()[pri:0, instance:com.uspeek.tests.LearningLessonsUITest@37918c79]" started-at="2026-06-12T22:09:44 IST" name="setup" finished-at="2026-06-12T22:09:53 IST" duration-ms="9211" status="FAIL">
          <exception class="org.openqa.selenium.NoSuchWindowException">
            <message>
              <![CDATA[no such window: target window already closed
from unknown error: web view not found
  (Session info: chrome=149.0.7827.103)
Build info: version: '4.20.0', revision: '866c76ca80'
System info: os.name: 'Mac OS X', os.arch: 'aarch64', os.version: '26.5', java.version: '26.0.1'
Driver info: org.openqa.selenium.chrome.ChromeDriver
Command: [c97e10e5304aab126fe4fd806aafb7c1, sendKeysToElement {value=[Ljava.lang.CharSequence;@49b07ee3, id=f.863DA386943C67332506A18309F32DCA.d.116024D59948C7066D78DB3AD8F181D4.e.13}]
Capabilities {acceptInsecureCerts: false, browserName: chrome, browserVersion: 149.0.7827.103, chrome: {chromedriverVersion: 149.0.7827.115 (daf70f9ddee..., userDataDir: /var/folders/qq/sgj8p05n05j...}, fedcm:accounts: true, goog:chromeOptions: {debuggerAddress: localhost:55890}, goog:processID: 54482, networkConnectionEnabled: false, pageLoadStrategy: normal, platformName: mac, proxy: Proxy(), se:cdp: ws://localhost:55890/devtoo..., se:cdpVersion: 149.0.7827.103, setWindowRect: true, strictFileInteractability: false, timeouts: {implicit: 0, pageLoad: 300000, script: 30000}, unhandledPromptBehavior: dismiss and notify, webauthn:extension:credBlob: true, webauthn:extension:largeBlob: true, webauthn:extension:minPinLength: true, webauthn:extension:prf: true, webauthn:virtualAuthenticators: true}
Element: [[ChromeDriver: chrome on mac (c97e10e5304aab126fe4fd806aafb7c1)] -> name: password]
Session ID: c97e10e5304aab126fe4fd806aafb7c1]]>
            </message>
            <full-stacktrace>
              <![CDATA[org.openqa.selenium.NoSuchWindowException: no such window: target window already closed
from unknown error: web view not found
  (Session info: chrome=149.0.7827.103)
Build info: version: '4.20.0', revision: '866c76ca80'
System info: os.name: 'Mac OS X', os.arch: 'aarch64', os.version: '26.5', java.version: '26.0.1'
Driver info: org.openqa.selenium.chrome.ChromeDriver
Command: [c97e10e5304aab126fe4fd806aafb7c1, sendKeysToElement {value=[Ljava.lang.CharSequence;@49b07ee3, id=f.863DA386943C67332506A18309F32DCA.d.116024D59948C7066D78DB3AD8F181D4.e.13}]
Capabilities {acceptInsecureCerts: false, browserName: chrome, browserVersion: 149.0.7827.103, chrome: {chromedriverVersion: 149.0.7827.115 (daf70f9ddee..., userDataDir: /var/folders/qq/sgj8p05n05j...}, fedcm:accounts: true, goog:chromeOptions: {debuggerAddress: localhost:55890}, goog:processID: 54482, networkConnectionEnabled: false, pageLoadStrategy: normal, platformName: mac, proxy: Proxy(), se:cdp: ws://localhost:55890/devtoo..., se:cdpVersion: 149.0.7827.103, setWindowRect: true, strictFileInteractability: false, timeouts: {implicit: 0, pageLoad: 300000, script: 30000}, unhandledPromptBehavior: dismiss and notify, webauthn:extension:credBlob: true, webauthn:extension:largeBlob: true, webauthn:extension:minPinLength: true, webauthn:extension:prf: true, webauthn:virtualAuthenticators: true}
Element: [[ChromeDriver: chrome on mac (c97e10e5304aab126fe4fd806aafb7c1)] -> name: password]
Session ID: c97e10e5304aab126fe4fd806aafb7c1
at java.base/jdk.internal.reflect.DirectConstructorHandleAccessor.newInstance(DirectConstructorHandleAccessor.java:62)
at java.base/java.lang.reflect.Constructor.newInstanceWithCaller(Constructor.java:499)
at java.base/java.lang.reflect.Constructor.newInstance(Constructor.java:483)
at org.openqa.selenium.remote.ErrorCodec.decode(ErrorCodec.java:167)
at org.openqa.selenium.remote.codec.w3c.W3CHttpResponseCodec.decode(W3CHttpResponseCodec.java:138)
at org.openqa.selenium.remote.codec.w3c.W3CHttpResponseCodec.decode(W3CHttpResponseCodec.java:50)
at org.openqa.selenium.remote.HttpCommandExecutor.execute(HttpCommandExecutor.java:190)
at org.openqa.selenium.remote.service.DriverCommandExecutor.invokeExecute(DriverCommandExecutor.java:216)
at org.openqa.selenium.remote.service.DriverCommandExecutor.execute(DriverCommandExecutor.java:174)
at org.openqa.selenium.remote.RemoteWebDriver.execute(RemoteWebDriver.java:518)
at org.openqa.selenium.remote.RemoteWebElement.execute(RemoteWebElement.java:223)
at org.openqa.selenium.remote.RemoteWebElement.sendKeys(RemoteWebElement.java:110)
at com.uspeek.tests.LearningLessonsUITest.setup(LearningLessonsUITest.java:33)
at java.base/jdk.internal.reflect.DirectMethodHandleAccessor.invoke(DirectMethodHandleAccessor.java:104)
at java.base/java.lang.reflect.Method.invoke(Method.java:565)
at org.testng.internal.invokers.MethodInvocationHelper.invokeMethod(MethodInvocationHelper.java:141)
at org.testng.internal.invokers.MethodInvocationHelper.invokeMethodConsideringTimeout(MethodInvocationHelper.java:71)
at org.testng.internal.invokers.ConfigInvoker.invokeConfigurationMethod(ConfigInvoker.java:400)
at org.testng.internal.invokers.ConfigInvoker.invokeConfigurations(ConfigInvoker.java:333)
at org.testng.internal.invokers.TestMethodWorker.invokeBeforeClassMethods(TestMethodWorker.java:188)
at org.testng.internal.invokers.TestMethodWorker.run(TestMethodWorker.java:128)
at java.base/java.util.ArrayList.forEach(ArrayList.java:1612)
at org.testng.TestRunner.privateRun(TestRunner.java:739)
at org.testng.TestRunner.run(TestRunner.java:614)
at org.testng.SuiteRunner.runTest(SuiteRunner.java:421)
at org.testng.SuiteRunner.runSequentially(SuiteRunner.java:413)
at org.testng.SuiteRunner.privateRun(SuiteRunner.java:373)
at org.testng.SuiteRunner.run(SuiteRunner.java:312)
at org.testng.SuiteRunnerWorker.runSuite(SuiteRunnerWorker.java:52)
at org.testng.SuiteRunnerWorker.run(SuiteRunnerWorker.java:95)
at org.testng.TestNG.runSuitesSequentially(TestNG.java:1274)
at org.testng.TestNG.runSuitesLocally(TestNG.java:1208)
at org.testng.TestNG.runSuites(TestNG.java:1112)
at org.testng.TestNG.run(TestNG.java:1079)
at org.apache.maven.surefire.testng.TestNGExecutor.run(TestNGExecutor.java:308)
at org.apache.maven.surefire.testng.TestNGXmlTestSuite.execute(TestNGXmlTestSuite.java:71)
at org.apache.maven.surefire.testng.TestNGProvider.invoke(TestNGProvider.java:113)
at org.apache.maven.surefire.booter.ForkedBooter.runSuitesInProcess(ForkedBooter.java:385)
at org.apache.maven.surefire.booter.ForkedBooter.execute(ForkedBooter.java:162)
at org.apache.maven.surefire.booter.ForkedBooter.run(ForkedBooter.java:507)
at org.apache.maven.surefire.booter.ForkedBooter.main(ForkedBooter.java:495)
]]>
            </full-stacktrace>
          </exception> <!-- org.openqa.selenium.NoSuchWindowException -->
          <reporter-output>
          </reporter-output>
        </test-method> <!-- setup -->
        <test-method signature="testLearningLessonsNavigation()[pri:0, instance:com.uspeek.tests.LearningLessonsUITest@37918c79]" started-at="2026-06-12T22:09:54 IST" name="testLearningLessonsNavigation" finished-at="2026-06-12T22:09:54 IST" duration-ms="0" status="SKIP">
          <exception class="org.openqa.selenium.NoSuchWindowException">
            <message>
              <![CDATA[no such window: target window already closed
from unknown error: web view not found
  (Session info: chrome=149.0.7827.103)
Build info: version: '4.20.0', revision: '866c76ca80'
System info: os.name: 'Mac OS X', os.arch: 'aarch64', os.version: '26.5', java.version: '26.0.1'
Driver info: org.openqa.selenium.chrome.ChromeDriver
Command: [c97e10e5304aab126fe4fd806aafb7c1, sendKeysToElement {value=[Ljava.lang.CharSequence;@49b07ee3, id=f.863DA386943C67332506A18309F32DCA.d.116024D59948C7066D78DB3AD8F181D4.e.13}]
Capabilities {acceptInsecureCerts: false, browserName: chrome, browserVersion: 149.0.7827.103, chrome: {chromedriverVersion: 149.0.7827.115 (daf70f9ddee..., userDataDir: /var/folders/qq/sgj8p05n05j...}, fedcm:accounts: true, goog:chromeOptions: {debuggerAddress: localhost:55890}, goog:processID: 54482, networkConnectionEnabled: false, pageLoadStrategy: normal, platformName: mac, proxy: Proxy(), se:cdp: ws://localhost:55890/devtoo..., se:cdpVersion: 149.0.7827.103, setWindowRect: true, strictFileInteractability: false, timeouts: {implicit: 0, pageLoad: 300000, script: 30000}, unhandledPromptBehavior: dismiss and notify, webauthn:extension:credBlob: true, webauthn:extension:largeBlob: true, webauthn:extension:minPinLength: true, webauthn:extension:prf: true, webauthn:virtualAuthenticators: true}
Element: [[ChromeDriver: chrome on mac (c97e10e5304aab126fe4fd806aafb7c1)] -> name: password]
Session ID: c97e10e5304aab126fe4fd806aafb7c1]]>
            </message>
            <full-stacktrace>
              <![CDATA[org.openqa.selenium.NoSuchWindowException: no such window: target window already closed
from unknown error: web view not found
  (Session info: chrome=149.0.7827.103)
Build info: version: '4.20.0', revision: '866c76ca80'
System info: os.name: 'Mac OS X', os.arch: 'aarch64', os.version: '26.5', java.version: '26.0.1'
Driver info: org.openqa.selenium.chrome.ChromeDriver
Command: [c97e10e5304aab126fe4fd806aafb7c1, sendKeysToElement {value=[Ljava.lang.CharSequence;@49b07ee3, id=f.863DA386943C67332506A18309F32DCA.d.116024D59948C7066D78DB3AD8F181D4.e.13}]
Capabilities {acceptInsecureCerts: false, browserName: chrome, browserVersion: 149.0.7827.103, chrome: {chromedriverVersion: 149.0.7827.115 (daf70f9ddee..., userDataDir: /var/folders/qq/sgj8p05n05j...}, fedcm:accounts: true, goog:chromeOptions: {debuggerAddress: localhost:55890}, goog:processID: 54482, networkConnectionEnabled: false, pageLoadStrategy: normal, platformName: mac, proxy: Proxy(), se:cdp: ws://localhost:55890/devtoo..., se:cdpVersion: 149.0.7827.103, setWindowRect: true, strictFileInteractability: false, timeouts: {implicit: 0, pageLoad: 300000, script: 30000}, unhandledPromptBehavior: dismiss and notify, webauthn:extension:credBlob: true, webauthn:extension:largeBlob: true, webauthn:extension:minPinLength: true, webauthn:extension:prf: true, webauthn:virtualAuthenticators: true}
Element: [[ChromeDriver: chrome on mac (c97e10e5304aab126fe4fd806aafb7c1)] -> name: password]
Session ID: c97e10e5304aab126fe4fd806aafb7c1
at java.base/jdk.internal.reflect.DirectConstructorHandleAccessor.newInstance(DirectConstructorHandleAccessor.java:62)
at java.base/java.lang.reflect.Constructor.newInstanceWithCaller(Constructor.java:499)
at java.base/java.lang.reflect.Constructor.newInstance(Constructor.java:483)
at org.openqa.selenium.remote.ErrorCodec.decode(ErrorCodec.java:167)
at org.openqa.selenium.remote.codec.w3c.W3CHttpResponseCodec.decode(W3CHttpResponseCodec.java:138)
at org.openqa.selenium.remote.codec.w3c.W3CHttpResponseCodec.decode(W3CHttpResponseCodec.java:50)
at org.openqa.selenium.remote.HttpCommandExecutor.execute(HttpCommandExecutor.java:190)
at org.openqa.selenium.remote.service.DriverCommandExecutor.invokeExecute(DriverCommandExecutor.java:216)
at org.openqa.selenium.remote.service.DriverCommandExecutor.execute(DriverCommandExecutor.java:174)
at org.openqa.selenium.remote.RemoteWebDriver.execute(RemoteWebDriver.java:518)
at org.openqa.selenium.remote.RemoteWebElement.execute(RemoteWebElement.java:223)
at org.openqa.selenium.remote.RemoteWebElement.sendKeys(RemoteWebElement.java:110)
at com.uspeek.tests.LearningLessonsUITest.setup(LearningLessonsUITest.java:33)
at java.base/jdk.internal.reflect.DirectMethodHandleAccessor.invoke(DirectMethodHandleAccessor.java:104)
at java.base/java.lang.reflect.Method.invoke(Method.java:565)
at org.testng.internal.invokers.MethodInvocationHelper.invokeMethod(MethodInvocationHelper.java:141)
at org.testng.internal.invokers.MethodInvocationHelper.invokeMethodConsideringTimeout(MethodInvocationHelper.java:71)
at org.testng.internal.invokers.ConfigInvoker.invokeConfigurationMethod(ConfigInvoker.java:400)
at org.testng.internal.invokers.ConfigInvoker.invokeConfigurations(ConfigInvoker.java:333)
at org.testng.internal.invokers.TestMethodWorker.invokeBeforeClassMethods(TestMethodWorker.java:188)
at org.testng.internal.invokers.TestMethodWorker.run(TestMethodWorker.java:128)
at java.base/java.util.ArrayList.forEach(ArrayList.java:1612)
at org.testng.TestRunner.privateRun(TestRunner.java:739)
at org.testng.TestRunner.run(TestRunner.java:614)
at org.testng.SuiteRunner.runTest(SuiteRunner.java:421)
at org.testng.SuiteRunner.runSequentially(SuiteRunner.java:413)
at org.testng.SuiteRunner.privateRun(SuiteRunner.java:373)
at org.testng.SuiteRunner.run(SuiteRunner.java:312)
at org.testng.SuiteRunnerWorker.runSuite(SuiteRunnerWorker.java:52)
at org.testng.SuiteRunnerWorker.run(SuiteRunnerWorker.java:95)
at org.testng.TestNG.runSuitesSequentially(TestNG.java:1274)
at org.testng.TestNG.runSuitesLocally(TestNG.java:1208)
at org.testng.TestNG.runSuites(TestNG.java:1112)
at org.testng.TestNG.run(TestNG.java:1079)
at org.apache.maven.surefire.testng.TestNGExecutor.run(TestNGExecutor.java:308)
at org.apache.maven.surefire.testng.TestNGXmlTestSuite.execute(TestNGXmlTestSuite.java:71)
at org.apache.maven.surefire.testng.TestNGProvider.invoke(TestNGProvider.java:113)
at org.apache.maven.surefire.booter.ForkedBooter.runSuitesInProcess(ForkedBooter.java:385)
at org.apache.maven.surefire.booter.ForkedBooter.execute(ForkedBooter.java:162)
at org.apache.maven.surefire.booter.ForkedBooter.run(ForkedBooter.java:507)
at org.apache.maven.surefire.booter.ForkedBooter.main(ForkedBooter.java:495)
]]>
            </full-stacktrace>
          </exception> <!-- org.openqa.selenium.NoSuchWindowException -->
          <reporter-output>
          </reporter-output>
        </test-method> <!-- testLearningLessonsNavigation -->
        <test-method is-config="true" signature="teardown()[pri:0, instance:com.uspeek.tests.LearningLessonsUITest@37918c79]" started-at="2026-06-12T22:09:54 IST" name="teardown" finished-at="2026-06-12T22:09:54 IST" duration-ms="0" status="SKIP">
          <reporter-output>
          </reporter-output>
        </test-method> <!-- teardown -->
      </class> <!-- com.uspeek.tests.LearningLessonsUITest -->
      <class name="com.uspeek.tests.DashboardUITest">
        <test-method is-config="true" signature="setup()[pri:0, instance:com.uspeek.tests.DashboardUITest@223f3642]" started-at="2026-06-12T22:08:46 IST" name="setup" finished-at="2026-06-12T22:08:55 IST" duration-ms="8689" status="PASS">
          <reporter-output>
          </reporter-output>
        </test-method> <!-- setup -->
        <test-method signature="testDashboardNavigation()[pri:0, instance:com.uspeek.tests.DashboardUITest@223f3642]" started-at="2026-06-12T22:08:55 IST" name="testDashboardNavigation" finished-at="2026-06-12T22:09:14 IST" duration-ms="19042" status="PASS">
          <reporter-output>
          </reporter-output>
        </test-method> <!-- testDashboardNavigation -->
        <test-method is-config="true" signature="teardown()[pri:0, instance:com.uspeek.tests.DashboardUITest@223f3642]" started-at="2026-06-12T22:09:14 IST" name="teardown" finished-at="2026-06-12T22:09:24 IST" duration-ms="10370" status="PASS">
          <reporter-output>
          </reporter-output>
        </test-method> <!-- teardown -->
      </class> <!-- com.uspeek.tests.DashboardUITest -->
      <class name="com.uspeek.tests.SignupTest">
        <test-method is-config="true" signature="setup()[pri:0, instance:com.uspeek.tests.SignupTest@4fe767f3]" started-at="2026-06-12T22:07:52 IST" name="setup" finished-at="2026-06-12T22:07:59 IST" duration-ms="7289" status="PASS">
          <reporter-output>
          </reporter-output>
        </test-method> <!-- setup -->
        <test-method signature="createCorporateAccountSuccessfully()[pri:0, instance:com.uspeek.tests.SignupTest@4fe767f3]" started-at="2026-06-12T22:07:59 IST" name="createCorporateAccountSuccessfully" finished-at="2026-06-12T22:08:29 IST" duration-ms="30322" status="PASS">
          <reporter-output>
          </reporter-output>
        </test-method> <!-- createCorporateAccountSuccessfully -->
        <test-method is-config="true" signature="teardown()[pri:0, instance:com.uspeek.tests.SignupTest@4fe767f3]" started-at="2026-06-12T22:08:29 IST" name="teardown" finished-at="2026-06-12T22:08:33 IST" duration-ms="3143" status="PASS">
          <reporter-output>
          </reporter-output>
        </test-method> <!-- teardown -->
      </class> <!-- com.uspeek.tests.SignupTest -->
      <class name="com.uspeek.tests.SettingsUITest">
        <test-method is-config="true" signature="setup()[pri:0, instance:com.uspeek.tests.SettingsUITest@38c5cc4c]" started-at="2026-06-12T22:09:24 IST" name="setup" finished-at="2026-06-12T22:09:35 IST" duration-ms="10709" status="PASS">
          <reporter-output>
          </reporter-output>
        </test-method> <!-- setup -->
        <test-method signature="testSettingsNavigation()[pri:0, instance:com.uspeek.tests.SettingsUITest@38c5cc4c]" started-at="2026-06-12T22:09:35 IST" name="testSettingsNavigation" finished-at="2026-06-12T22:09:44 IST" duration-ms="9346" status="PASS">
          <reporter-output>
          </reporter-output>
        </test-method> <!-- testSettingsNavigation -->
        <test-method is-config="true" signature="teardown()[pri:0, instance:com.uspeek.tests.SettingsUITest@38c5cc4c]" started-at="2026-06-12T22:09:44 IST" name="teardown" finished-at="2026-06-12T22:09:44 IST" duration-ms="188" status="PASS">
          <reporter-output>
          </reporter-output>
        </test-method> <!-- teardown -->
      </class> <!-- com.uspeek.tests.SettingsUITest -->
      <class name="com.uspeek.tests.LoginTest">
        <test-method is-config="true" signature="setup()[pri:0, instance:com.uspeek.tests.LoginTest@5db250b4]" started-at="2026-06-12T22:08:33 IST" name="setup" finished-at="2026-06-12T22:08:35 IST" duration-ms="2777" status="PASS">
          <reporter-output>
          </reporter-output>
        </test-method> <!-- setup -->
        <test-method signature="loginSuccessfully()[pri:0, instance:com.uspeek.tests.LoginTest@5db250b4]" started-at="2026-06-12T22:08:35 IST" name="loginSuccessfully" finished-at="2026-06-12T22:08:46 IST" duration-ms="10286" status="PASS">
          <reporter-output>
          </reporter-output>
        </test-method> <!-- loginSuccessfully -->
        <test-method is-config="true" signature="teardown()[pri:0, instance:com.uspeek.tests.LoginTest@5db250b4]" started-at="2026-06-12T22:08:46 IST" name="teardown" finished-at="2026-06-12T22:08:46 IST" duration-ms="111" status="PASS">
          <reporter-output>
          </reporter-output>
        </test-method> <!-- teardown -->
      </class> <!-- com.uspeek.tests.LoginTest -->
      <class name="com.uspeek.tests.ProfileUITest">
        <test-method is-config="true" signature="setup()[pri:0, instance:com.uspeek.tests.ProfileUITest@78e94dcf]" started-at="2026-06-12T22:09:54 IST" name="setup" finished-at="2026-06-12T22:10:05 IST" duration-ms="11879" status="PASS">
          <reporter-output>
          </reporter-output>
        </test-method> <!-- setup -->
        <test-method signature="testProfileNavigation()[pri:0, instance:com.uspeek.tests.ProfileUITest@78e94dcf]" started-at="2026-06-12T22:10:05 IST" name="testProfileNavigation" finished-at="2026-06-12T22:10:14 IST" duration-ms="8627" status="PASS">
          <reporter-output>
          </reporter-output>
        </test-method> <!-- testProfileNavigation -->
        <test-method is-config="true" signature="teardown()[pri:0, instance:com.uspeek.tests.ProfileUITest@78e94dcf]" started-at="2026-06-12T22:10:14 IST" name="teardown" finished-at="2026-06-12T22:10:14 IST" duration-ms="335" status="PASS">
          <reporter-output>
          </reporter-output>
        </test-method> <!-- teardown -->
      </class> <!-- com.uspeek.tests.ProfileUITest -->
    </test> <!-- All Tests -->
  </suite> <!-- Uspeek Test Suite -->
</testng-results>
