<?xml version="1.0" encoding="UTF-8"?>
<testng-results ignored="0" total="6" passed="6" failed="0" skipped="0">
  <reporter-output>
  </reporter-output>
  <suite started-at="2026-05-27T17:59:32 IST" name="Uspeek Test Suite" finished-at="2026-05-27T18:00:23 IST" duration-ms="50967">
    <groups>
    </groups>
    <test started-at="2026-05-27T17:59:32 IST" name="Authentication Tests" finished-at="2026-05-27T18:00:22 IST" duration-ms="50768">
      <class name="com.uspeek.tests.SignupTest">
        <test-method is-config="true" signature="setup()[pri:0, instance:com.uspeek.tests.SignupTest@60704c]" started-at="2026-05-27T17:59:32 IST" name="setup" finished-at="2026-05-27T17:59:35 IST" duration-ms="3656" status="PASS">
          <reporter-output>
          </reporter-output>
        </test-method> <!-- setup -->
        <test-method signature="createCorporateAccountSuccessfully()[pri:0, instance:com.uspeek.tests.SignupTest@60704c]" started-at="2026-05-27T17:59:35 IST" name="createCorporateAccountSuccessfully" finished-at="2026-05-27T18:00:10 IST" duration-ms="34962" status="PASS">
          <reporter-output>
          </reporter-output>
        </test-method> <!-- createCorporateAccountSuccessfully -->
        <test-method is-config="true" signature="teardown()[pri:0, instance:com.uspeek.tests.SignupTest@60704c]" started-at="2026-05-27T18:00:10 IST" name="teardown" finished-at="2026-05-27T18:00:10 IST" duration-ms="135" status="PASS">
          <reporter-output>
          </reporter-output>
        </test-method> <!-- teardown -->
      </class> <!-- com.uspeek.tests.SignupTest -->
      <class name="com.uspeek.tests.LoginTest">
        <test-method is-config="true" signature="setup()[pri:0, instance:com.uspeek.tests.LoginTest@7f1302d6]" started-at="2026-05-27T18:00:10 IST" name="setup" finished-at="2026-05-27T18:00:12 IST" duration-ms="2022" status="PASS">
          <reporter-output>
          </reporter-output>
        </test-method> <!-- setup -->
        <test-method signature="loginSuccessfully()[pri:0, instance:com.uspeek.tests.LoginTest@7f1302d6]" started-at="2026-05-27T18:00:12 IST" name="loginSuccessfully" finished-at="2026-05-27T18:00:22 IST" duration-ms="9864" status="PASS">
          <reporter-output>
          </reporter-output>
        </test-method> <!-- loginSuccessfully -->
        <test-method is-config="true" signature="teardown()[pri:0, instance:com.uspeek.tests.LoginTest@7f1302d6]" started-at="2026-05-27T18:00:22 IST" name="teardown" finished-at="2026-05-27T18:00:22 IST" duration-ms="98" status="PASS">
          <reporter-output>
          </reporter-output>
        </test-method> <!-- teardown -->
      </class> <!-- com.uspeek.tests.LoginTest -->
    </test> <!-- Authentication Tests -->
    <test started-at="2026-05-27T18:00:22 IST" name="API Tests" finished-at="2026-05-27T18:00:23 IST" duration-ms="148">
      <class name="com.uspeek.tests.ExportDataApiTest">
        <test-method signature="testExportDataEndpoint()[pri:0, instance:com.uspeek.tests.ExportDataApiTest@78aab498]" started-at="2026-05-27T18:00:23 IST" name="testExportDataEndpoint" finished-at="2026-05-27T18:00:23 IST" duration-ms="25" status="PASS">
          <reporter-output>
          </reporter-output>
        </test-method> <!-- testExportDataEndpoint -->
      </class> <!-- com.uspeek.tests.ExportDataApiTest -->
      <class name="com.uspeek.tests.DatabaseHealthApiTest">
        <test-method signature="testDatabaseHealthEndpoint()[pri:0, instance:com.uspeek.tests.DatabaseHealthApiTest@159f197]" started-at="2026-05-27T18:00:22 IST" name="testDatabaseHealthEndpoint" finished-at="2026-05-27T18:00:23 IST" duration-ms="69" status="PASS">
          <reporter-output>
          </reporter-output>
        </test-method> <!-- testDatabaseHealthEndpoint -->
      </class> <!-- com.uspeek.tests.DatabaseHealthApiTest -->
      <class name="com.uspeek.tests.LicensesApiTest">
        <test-method signature="testLicensesEndpoint()[pri:0, instance:com.uspeek.tests.LicensesApiTest@5dd6264]" started-at="2026-05-27T18:00:23 IST" name="testLicensesEndpoint" finished-at="2026-05-27T18:00:23 IST" duration-ms="26" status="PASS">
          <reporter-output>
          </reporter-output>
        </test-method> <!-- testLicensesEndpoint -->
      </class> <!-- com.uspeek.tests.LicensesApiTest -->
      <class name="com.uspeek.tests.LearningProgressApiTest">
        <test-method signature="testLearningProgressEndpoint()[pri:0, instance:com.uspeek.tests.LearningProgressApiTest@1ffe63b9]" started-at="2026-05-27T18:00:23 IST" name="testLearningProgressEndpoint" finished-at="2026-05-27T18:00:23 IST" duration-ms="26" status="PASS">
          <reporter-output>
          </reporter-output>
        </test-method> <!-- testLearningProgressEndpoint -->
      </class> <!-- com.uspeek.tests.LearningProgressApiTest -->
    </test> <!-- API Tests -->
  </suite> <!-- Uspeek Test Suite -->
</testng-results>
