<?xml version="1.0" encoding="UTF-8"?>
<!-- Generated by org.testng.reporters.JUnitXMLReporter -->
<testsuite ignored="0" hostname="Tanishs-Singh-MacBook-Air.local" failures="0" tests="2" name="Authentication Tests" time="52.229" errors="0" timestamp="2026-05-25T11:03:54 IST">
  <testcase classname="com.uspeek.tests.SignupTest" name="createCorporateAccountSuccessfully" time="35.207"/>
  <testcase classname="com.uspeek.tests.LoginTest" name="loginSuccessfully" time="9.999"/>
</testsuite> <!-- Authentication Tests -->
