<?xml version="1.0" encoding="UTF-8"?>
<!-- Generated by org.testng.reporters.JUnitXMLReporter -->
<testsuite ignored="0" hostname="192.168.1.41" failures="0" tests="2" name="Authentication Tests" time="49.123" errors="0" timestamp="2026-05-27T17:39:30 IST">
  <testcase classname="com.uspeek.tests.SignupTest" name="createCorporateAccountSuccessfully" time="25.588"/>
  <testcase classname="com.uspeek.tests.LoginTest" name="loginSuccessfully" time="10.194"/>
</testsuite> <!-- Authentication Tests -->
