<?xml version="1.0" encoding="UTF-8"?>
<!-- Generated by org.testng.reporters.JUnitXMLReporter -->
<testsuite ignored="0" hostname="192.168.1.41" failures="0" tests="4" name="Surefire test" time="0.233" errors="0" timestamp="2026-05-27T17:54:25 IST">
  <testcase classname="com.uspeek.tests.ExportDataApiTest" name="testExportDataEndpoint" time="0.117"/>
  <testcase classname="com.uspeek.tests.LicensesApiTest" name="testLicensesEndpoint" time="0.027"/>
  <testcase classname="com.uspeek.tests.LearningProgressApiTest" name="testLearningProgressEndpoint" time="0.024"/>
  <testcase classname="com.uspeek.tests.DatabaseHealthApiTest" name="testDatabaseHealthEndpoint" time="0.038"/>
</testsuite> <!-- Surefire test -->
