<?xml version="1.0" encoding="UTF-8"?>
<!-- Generated by org.testng.reporters.JUnitXMLReporter -->
<testsuite ignored="0" hostname="192.168.1.15" failures="0" tests="6" name="All Tests" time="142.551" errors="0" timestamp="2026-06-12T22:10:15 IST">
  <testcase classname="com.uspeek.tests.LearningLessonsUITest" name="@BeforeClass setup" time="9.211">
    <failure type="org.openqa.selenium.NoSuchWindowException" message="no such window: target window already closed
from unknown error: web view not found
  (Session info: chrome=149.0.7827.103)
Build info: version: &amp;apos;4.20.0&amp;apos;, revision: &amp;apos;866c76ca80&amp;apos;
System info: os.name: &amp;apos;Mac OS X&amp;apos;, os.arch: &amp;apos;aarch64&amp;apos;, os.version: &amp;apos;26.5&amp;apos;, java.version: &amp;apos;26.0.1&amp;apos;
Driver info: org.openqa.selenium.chrome.ChromeDriver
Command: [c97e10e5304aab126fe4fd806aafb7c1, sendKeysToElement {value=[Ljava.lang.CharSequence;@49b07ee3, id=f.863DA386943C67332506A18309F32DCA.d.116024D59948C7066D78DB3AD8F181D4.e.13}]
Capabilities {acceptInsecureCerts: false, browserName: chrome, browserVersion: 149.0.7827.103, chrome: {chromedriverVersion: 149.0.7827.115 (daf70f9ddee..., userDataDir: /var/folders/qq/sgj8p05n05j...}, fedcm:accounts: true, goog:chromeOptions: {debuggerAddress: localhost:55890}, goog:processID: 54482, networkConnectionEnabled: false, pageLoadStrategy: normal, platformName: mac, proxy: Proxy(), se:cdp: ws://localhost:55890/devtoo..., se:cdpVersion: 149.0.7827.103, setWindowRect: true, strictFileInteractability: false, timeouts: {implicit: 0, pageLoad: 300000, script: 30000}, unhandledPromptBehavior: dismiss and notify, webauthn:extension:credBlob: true, webauthn:extension:largeBlob: true, webauthn:extension:minPinLength: true, webauthn:extension:prf: true, webauthn:virtualAuthenticators: true}
Element: [[ChromeDriver: chrome on mac (c97e10e5304aab126fe4fd806aafb7c1)] -&amp;gt; name: password]
Session ID: c97e10e5304aab126fe4fd806aafb7c1">
      <![CDATA[org.openqa.selenium.NoSuchWindowException: no such window: target window already closed
from unknown error: web view not found
  (Session info: chrome=149.0.7827.103)
Build info: version: '4.20.0', revision: '866c76ca80'
System info: os.name: 'Mac OS X', os.arch: 'aarch64', os.version: '26.5', java.version: '26.0.1'
Driver info: org.openqa.selenium.chrome.ChromeDriver
Command: [c97e10e5304aab126fe4fd806aafb7c1, sendKeysToElement {value=[Ljava.lang.CharSequence;@49b07ee3, id=f.863DA386943C67332506A18309F32DCA.d.116024D59948C7066D78DB3AD8F181D4.e.13}]
Capabilities {acceptInsecureCerts: false, browserName: chrome, browserVersion: 149.0.7827.103, chrome: {chromedriverVersion: 149.0.7827.115 (daf70f9ddee..., userDataDir: /var/folders/qq/sgj8p05n05j...}, fedcm:accounts: true, goog:chromeOptions: {debuggerAddress: localhost:55890}, goog:processID: 54482, networkConnectionEnabled: false, pageLoadStrategy: normal, platformName: mac, proxy: Proxy(), se:cdp: ws://localhost:55890/devtoo..., se:cdpVersion: 149.0.7827.103, setWindowRect: true, strictFileInteractability: false, timeouts: {implicit: 0, pageLoad: 300000, script: 30000}, unhandledPromptBehavior: dismiss and notify, webauthn:extension:credBlob: true, webauthn:extension:largeBlob: true, webauthn:extension:minPinLength: true, webauthn:extension:prf: true, webauthn:virtualAuthenticators: true}
Element: [[ChromeDriver: chrome on mac (c97e10e5304aab126fe4fd806aafb7c1)] -> name: password]
Session ID: c97e10e5304aab126fe4fd806aafb7c1
at org.openqa.selenium.remote.ErrorCodec.decode(ErrorCodec.java:167)
at org.openqa.selenium.remote.codec.w3c.W3CHttpResponseCodec.decode(W3CHttpResponseCodec.java:138)
at org.openqa.selenium.remote.codec.w3c.W3CHttpResponseCodec.decode(W3CHttpResponseCodec.java:50)
at org.openqa.selenium.remote.HttpCommandExecutor.execute(HttpCommandExecutor.java:190)
at org.openqa.selenium.remote.service.DriverCommandExecutor.invokeExecute(DriverCommandExecutor.java:216)
at org.openqa.selenium.remote.service.DriverCommandExecutor.execute(DriverCommandExecutor.java:174)
at org.openqa.selenium.remote.RemoteWebDriver.execute(RemoteWebDriver.java:518)
at org.openqa.selenium.remote.RemoteWebElement.execute(RemoteWebElement.java:223)
at org.openqa.selenium.remote.RemoteWebElement.sendKeys(RemoteWebElement.java:110)
at com.uspeek.tests.LearningLessonsUITest.setup(LearningLessonsUITest.java:33)
at java.base/java.util.ArrayList.forEach(ArrayList.java:1612)
... Removed 30 stack frames]]>
    </failure>
  </testcase> <!-- @BeforeClass setup -->
  <testcase classname="com.uspeek.tests.LearningLessonsUITest" name="@AfterClass teardown" time="0.0">
    <skipped/>
  </testcase> <!-- @AfterClass teardown -->
  <testcase classname="com.uspeek.tests.SignupTest" name="createCorporateAccountSuccessfully" time="30.322"/>
  <testcase classname="com.uspeek.tests.LoginTest" name="loginSuccessfully" time="10.286"/>
  <testcase classname="com.uspeek.tests.DashboardUITest" name="testDashboardNavigation" time="19.042"/>
  <testcase classname="com.uspeek.tests.SettingsUITest" name="testSettingsNavigation" time="9.346"/>
  <testcase classname="com.uspeek.tests.LearningLessonsUITest" name="testLearningLessonsNavigation" time="0.0">
    <skipped/>
  </testcase> <!-- testLearningLessonsNavigation -->
  <testcase classname="com.uspeek.tests.ProfileUITest" name="testProfileNavigation" time="8.627"/>
</testsuite> <!-- All Tests -->
