<?xml version="1.0" encoding="UTF-8"?>
<!-- Generated by org.testng.reporters.JUnitXMLReporter -->
<testsuite ignored="0" hostname="192.168.1.41" failures="0" tests="4" name="API Tests" time="0.148" errors="0" timestamp="2026-05-27T18:00:23 IST">
  <testcase classname="com.uspeek.tests.DatabaseHealthApiTest" name="testDatabaseHealthEndpoint" time="0.069"/>
  <testcase classname="com.uspeek.tests.ExportDataApiTest" name="testExportDataEndpoint" time="0.025"/>
  <testcase classname="com.uspeek.tests.LicensesApiTest" name="testLicensesEndpoint" time="0.026"/>
  <testcase classname="com.uspeek.tests.LearningProgressApiTest" name="testLearningProgressEndpoint" time="0.026"/>
</testsuite> <!-- API Tests -->
