<?xml version="1.0" encoding="UTF-8"?>
<!-- Generated by org.testng.reporters.JUnitXMLReporter -->
<testsuite ignored="0" hostname="192.168.1.41" failures="0" tests="2" name="Authentication Tests" time="50.768" errors="0" timestamp="2026-05-27T18:00:22 IST">
  <testcase classname="com.uspeek.tests.SignupTest" name="createCorporateAccountSuccessfully" time="34.962"/>
  <testcase classname="com.uspeek.tests.LoginTest" name="loginSuccessfully" time="9.864"/>
</testsuite> <!-- Authentication Tests -->
